2013/11/13 14:33:13 [error] [exception.CException] exception 'CException' with message 'A propriedade "LoginForm.username" não está definida.' in /opt/lampp/htdocs/yii-1.1.14.f0fee9/framework/base/CComponent.php:130
Stack trace:
#0 /opt/lampp/htdocs/yii-1.1.14.f0fee9/framework/web/helpers/CHtml.php(2255): CComponent->__get('username')
#1 /opt/lampp/htdocs/yii-1.1.14.f0fee9/framework/web/helpers/CHtml.php(1980): CHtml::resolveValue(Object(LoginForm), 'username')
#2 /opt/lampp/htdocs/yii-1.1.14.f0fee9/framework/web/helpers/CHtml.php(1257): CHtml::activeInputField('text', Object(LoginForm), 'username', Array)
#3 /opt/lampp/htdocs/yii-1.1.14.f0fee9/framework/web/widgets/CActiveForm.php(657): CHtml::activeTextField(Object(LoginForm), 'username', Array)
#4 /home/diego/projeto_facul/sgc/themes/bootstrap/views/site/login.php(28): CActiveForm->textField(Object(LoginForm), 'username')
#5 /opt/lampp/htdocs/yii-1.1.14.f0fee9/framework/web/CBaseController.php(126): require('/home/diego/pro...')
#6 /opt/lampp/htdocs/yii-1.1.14.f0fee9/framework/web/CBaseController.php(95): CBaseController->renderInternal('/home/diego/pro...', Array, true)
#7 /opt/lampp/htdocs/yii-1.1.14.f0fee9/framework/web/CController.php(869): CBaseController->renderFile('/home/diego/pro...', Array, true)
#8 /opt/lampp/htdocs/yii-1.1.14.f0fee9/framework/web/CController.php(782): CController->renderPartial('login', Array, true)
#9 /home/diego/projeto_facul/sgc/protected/controllers/SiteController.php(98): CController->render('login', Array)
#10 /opt/lampp/htdocs/yii-1.1.14.f0fee9/framework/web/actions/CInlineAction.php(49): SiteController->actionLogin()
#11 /opt/lampp/htdocs/yii-1.1.14.f0fee9/framework/web/CController.php(308): CInlineAction->runWithParams(Array)
#12 /opt/lampp/htdocs/yii-1.1.14.f0fee9/framework/web/CController.php(286): CController->runAction(Object(CInlineAction))
#13 /opt/lampp/htdocs/yii-1.1.14.f0fee9/framework/web/CController.php(265): CController->runActionWithFilters(Object(CInlineAction), Array)
#14 /opt/lampp/htdocs/yii-1.1.14.f0fee9/framework/web/CWebApplication.php(282): CController->run('login')
#15 /opt/lampp/htdocs/yii-1.1.14.f0fee9/framework/web/CWebApplication.php(141): CWebApplication->runController('site/login')
#16 /opt/lampp/htdocs/yii-1.1.14.f0fee9/framework/base/CApplication.php(169): CWebApplication->processRequest()
#17 /home/diego/projeto_facul/sgc/index.php(14): CApplication->run()
#18 {main}
REQUEST_URI=/sgc/index.php?r=site/login
HTTP_REFERER=http://localhost/sgc/
---
2013/11/13 14:42:46 [error] [exception.CException] exception 'CException' with message 'A propriedade "GiiModule.senha" não está definida.' in /opt/lampp/htdocs/yii-1.1.14.f0fee9/framework/base/CComponent.php:173
Stack trace:
#0 /opt/lampp/htdocs/yii-1.1.14.f0fee9/framework/base/CModule.php(513): CComponent->__set('senha', 'yiisgc')
#1 /opt/lampp/htdocs/yii-1.1.14.f0fee9/framework/base/CModule.php(86): CModule->configure(Array)
#2 /opt/lampp/htdocs/yii-1.1.14.f0fee9/framework/YiiBase.php(206): CModule->__construct('gii', NULL, Array)
#3 /opt/lampp/htdocs/yii-1.1.14.f0fee9/framework/base/CModule.php(282): YiiBase::createComponent('system.gii.GiiM...', 'gii', NULL, Array)
#4 /opt/lampp/htdocs/yii-1.1.14.f0fee9/framework/web/CWebApplication.php(337): CModule->getModule('gii')
#5 /opt/lampp/htdocs/yii-1.1.14.f0fee9/framework/web/CWebApplication.php(276): CWebApplication->createController('gii')
#6 /opt/lampp/htdocs/yii-1.1.14.f0fee9/framework/web/CWebApplication.php(141): CWebApplication->runController('gii')
#7 /opt/lampp/htdocs/yii-1.1.14.f0fee9/framework/base/CApplication.php(169): CWebApplication->processRequest()
#8 /home/diego/projeto_facul/sgc/index.php(14): CApplication->run()
#9 {main}
REQUEST_URI=/sgc/index.php?r=gii
---
2013/11/13 14:44:23 [error] [exception.CException] exception 'CException' with message 'A propriedade "GiiModule.senha" não está definida.' in /opt/lampp/htdocs/yii-1.1.14.f0fee9/framework/base/CComponent.php:173
Stack trace:
#0 /opt/lampp/htdocs/yii-1.1.14.f0fee9/framework/base/CModule.php(513): CComponent->__set('senha', 'yiisgc')
#1 /opt/lampp/htdocs/yii-1.1.14.f0fee9/framework/base/CModule.php(86): CModule->configure(Array)
#2 /opt/lampp/htdocs/yii-1.1.14.f0fee9/framework/YiiBase.php(206): CModule->__construct('gii', NULL, Array)
#3 /opt/lampp/htdocs/yii-1.1.14.f0fee9/framework/base/CModule.php(282): YiiBase::createComponent('system.gii.GiiM...', 'gii', NULL, Array)
#4 /opt/lampp/htdocs/yii-1.1.14.f0fee9/framework/web/CWebApplication.php(337): CModule->getModule('gii')
#5 /opt/lampp/htdocs/yii-1.1.14.f0fee9/framework/web/CWebApplication.php(276): CWebApplication->createController('gii')
#6 /opt/lampp/htdocs/yii-1.1.14.f0fee9/framework/web/CWebApplication.php(141): CWebApplication->runController('gii')
#7 /opt/lampp/htdocs/yii-1.1.14.f0fee9/framework/base/CApplication.php(169): CWebApplication->processRequest()
#8 /home/diego/projeto_facul/sgc/index.php(14): CApplication->run()
#9 {main}
REQUEST_URI=/sgc/index.php?r=gii
---
2013/11/13 14:47:21 [error] [php] include(SBaseController.php) [<a href='function.include'>function.include</a>]: failed to open stream: Arquivo ou diretório não encontrado (/opt/lampp/htdocs/yii-1.1.14.f0fee9/framework/YiiBase.php:421)
Stack trace:
#0 /home/diego/projeto_facul/sgc/protected/components/Controller.php(7): spl_autoload_call()
#1 /opt/lampp/htdocs/yii-1.1.14.f0fee9/framework/YiiBase.php(421): include()
#2 unknown(0): autoload()
#3 /home/diego/projeto_facul/sgc/protected/controllers/SiteController.php(4): spl_autoload_call()
#4 /opt/lampp/htdocs/yii-1.1.14.f0fee9/framework/web/CWebApplication.php(354): require()
#5 /opt/lampp/htdocs/yii-1.1.14.f0fee9/framework/web/CWebApplication.php(276): CWebApplication->createController()
#6 /opt/lampp/htdocs/yii-1.1.14.f0fee9/framework/web/CWebApplication.php(141): CWebApplication->runController()
#7 /opt/lampp/htdocs/yii-1.1.14.f0fee9/framework/base/CApplication.php(169): CWebApplication->processRequest()
#8 /home/diego/projeto_facul/sgc/index.php(14): CWebApplication->run()
REQUEST_URI=/sgc/index.php/gii
in /home/diego/projeto_facul/sgc/protected/components/Controller.php (7)
in /home/diego/projeto_facul/sgc/protected/controllers/SiteController.php (4)
in /home/diego/projeto_facul/sgc/index.php (14)
2013/11/13 14:47:38 [error] [exception.CException] exception 'CException' with message 'A propriedade "GiiModule.senha" não está definida.' in /opt/lampp/htdocs/yii-1.1.14.f0fee9/framework/base/CComponent.php:173
Stack trace:
#0 /opt/lampp/htdocs/yii-1.1.14.f0fee9/framework/base/CModule.php(513): CComponent->__set('senha', 'yiisgc')
#1 /opt/lampp/htdocs/yii-1.1.14.f0fee9/framework/base/CModule.php(86): CModule->configure(Array)
#2 /opt/lampp/htdocs/yii-1.1.14.f0fee9/framework/YiiBase.php(206): CModule->__construct('gii', NULL, Array)
#3 /opt/lampp/htdocs/yii-1.1.14.f0fee9/framework/base/CModule.php(282): YiiBase::createComponent('system.gii.GiiM...', 'gii', NULL, Array)
#4 /opt/lampp/htdocs/yii-1.1.14.f0fee9/framework/web/CWebApplication.php(337): CModule->getModule('gii')
#5 /opt/lampp/htdocs/yii-1.1.14.f0fee9/framework/web/CWebApplication.php(276): CWebApplication->createController('gii')
#6 /opt/lampp/htdocs/yii-1.1.14.f0fee9/framework/web/CWebApplication.php(141): CWebApplication->runController('gii')
#7 /opt/lampp/htdocs/yii-1.1.14.f0fee9/framework/base/CApplication.php(169): CWebApplication->processRequest()
#8 /home/diego/projeto_facul/sgc/index.php(14): CApplication->run()
#9 {main}
REQUEST_URI=/sgc/index.php?r=gii
---
2013/11/13 14:47:44 [error] [php] include(SBaseController.php) [<a href='function.include'>function.include</a>]: failed to open stream: Arquivo ou diretório não encontrado (/opt/lampp/htdocs/yii-1.1.14.f0fee9/framework/YiiBase.php:421)
Stack trace:
#0 /home/diego/projeto_facul/sgc/protected/components/Controller.php(7): spl_autoload_call()
#1 /opt/lampp/htdocs/yii-1.1.14.f0fee9/framework/YiiBase.php(421): include()
#2 unknown(0): autoload()
#3 /home/diego/projeto_facul/sgc/protected/controllers/SiteController.php(4): spl_autoload_call()
#4 /opt/lampp/htdocs/yii-1.1.14.f0fee9/framework/web/CWebApplication.php(354): require()
#5 /opt/lampp/htdocs/yii-1.1.14.f0fee9/framework/web/CWebApplication.php(276): CWebApplication->createController()
#6 /opt/lampp/htdocs/yii-1.1.14.f0fee9/framework/web/CWebApplication.php(141): CWebApplication->runController()
#7 /opt/lampp/htdocs/yii-1.1.14.f0fee9/framework/base/CApplication.php(169): CWebApplication->processRequest()
#8 /home/diego/projeto_facul/sgc/index.php(14): CWebApplication->run()
REQUEST_URI=/sgc/index.php/gii
in /home/diego/projeto_facul/sgc/protected/components/Controller.php (7)
in /home/diego/projeto_facul/sgc/protected/controllers/SiteController.php (4)
in /home/diego/projeto_facul/sgc/index.php (14)
2013/11/13 14:52:33 [error] [exception.CException] exception 'CException' with message 'A propriedade "LoginForm.username" não está definida.' in /opt/lampp/htdocs/yii-1.1.14.f0fee9/framework/base/CComponent.php:130
Stack trace:
#0 /opt/lampp/htdocs/yii-1.1.14.f0fee9/framework/web/helpers/CHtml.php(2255): CComponent->__get('username')
#1 /opt/lampp/htdocs/yii-1.1.14.f0fee9/framework/web/helpers/CHtml.php(1980): CHtml::resolveValue(Object(LoginForm), 'username')
#2 /opt/lampp/htdocs/yii-1.1.14.f0fee9/framework/web/helpers/CHtml.php(1257): CHtml::activeInputField('text', Object(LoginForm), 'username', Array)
#3 /opt/lampp/htdocs/yii-1.1.14.f0fee9/framework/web/widgets/CActiveForm.php(657): CHtml::activeTextField(Object(LoginForm), 'username', Array)
#4 /home/diego/projeto_facul/sgc/themes/bootstrap/views/site/login.php(28): CActiveForm->textField(Object(LoginForm), 'username')
#5 /opt/lampp/htdocs/yii-1.1.14.f0fee9/framework/web/CBaseController.php(126): require('/home/diego/pro...')
#6 /opt/lampp/htdocs/yii-1.1.14.f0fee9/framework/web/CBaseController.php(95): CBaseController->renderInternal('/home/diego/pro...', Array, true)
#7 /opt/lampp/htdocs/yii-1.1.14.f0fee9/framework/web/CController.php(869): CBaseController->renderFile('/home/diego/pro...', Array, true)
#8 /opt/lampp/htdocs/yii-1.1.14.f0fee9/framework/web/CController.php(782): CController->renderPartial('login', Array, true)
#9 /home/diego/projeto_facul/sgc/protected/controllers/SiteController.php(98): CController->render('login', Array)
#10 /opt/lampp/htdocs/yii-1.1.14.f0fee9/framework/web/actions/CInlineAction.php(49): SiteController->actionLogin()
#11 /opt/lampp/htdocs/yii-1.1.14.f0fee9/framework/web/CController.php(308): CInlineAction->runWithParams(Array)
#12 /opt/lampp/htdocs/yii-1.1.14.f0fee9/framework/web/CController.php(286): CController->runAction(Object(CInlineAction))
#13 /opt/lampp/htdocs/yii-1.1.14.f0fee9/framework/web/CController.php(265): CController->runActionWithFilters(Object(CInlineAction), Array)
#14 /opt/lampp/htdocs/yii-1.1.14.f0fee9/framework/web/CWebApplication.php(282): CController->run('login')
#15 /opt/lampp/htdocs/yii-1.1.14.f0fee9/framework/web/CWebApplication.php(141): CWebApplication->runController('site/login')
#16 /opt/lampp/htdocs/yii-1.1.14.f0fee9/framework/base/CApplication.php(169): CWebApplication->processRequest()
#17 /home/diego/projeto_facul/sgc/index.php(14): CApplication->run()
#18 {main}
REQUEST_URI=/sgc/index.php?r=site/login
HTTP_REFERER=http://localhost/sgc/index.php/gii
---
2013/11/13 14:52:47 [error] [exception.CException] exception 'CException' with message 'A propriedade "GiiModule.senha" não está definida.' in /opt/lampp/htdocs/yii-1.1.14.f0fee9/framework/base/CComponent.php:173
Stack trace:
#0 /opt/lampp/htdocs/yii-1.1.14.f0fee9/framework/base/CModule.php(513): CComponent->__set('senha', 'yiisgc')
#1 /opt/lampp/htdocs/yii-1.1.14.f0fee9/framework/base/CModule.php(86): CModule->configure(Array)
#2 /opt/lampp/htdocs/yii-1.1.14.f0fee9/framework/YiiBase.php(206): CModule->__construct('gii', NULL, Array)
#3 /opt/lampp/htdocs/yii-1.1.14.f0fee9/framework/base/CModule.php(282): YiiBase::createComponent('system.gii.GiiM...', 'gii', NULL, Array)
#4 /opt/lampp/htdocs/yii-1.1.14.f0fee9/framework/web/CWebApplication.php(337): CModule->getModule('gii')
#5 /opt/lampp/htdocs/yii-1.1.14.f0fee9/framework/web/CWebApplication.php(276): CWebApplication->createController('gii')
#6 /opt/lampp/htdocs/yii-1.1.14.f0fee9/framework/web/CWebApplication.php(141): CWebApplication->runController('gii')
#7 /opt/lampp/htdocs/yii-1.1.14.f0fee9/framework/base/CApplication.php(169): CWebApplication->processRequest()
#8 /home/diego/projeto_facul/sgc/index.php(14): CApplication->run()
#9 {main}
REQUEST_URI=/sgc/index.php?r=gii
---
2013/11/13 14:53:32 [error] [exception.CException] exception 'CException' with message 'A propriedade "GiiModule.senha" não está definida.' in /opt/lampp/htdocs/yii-1.1.14.f0fee9/framework/base/CComponent.php:173
Stack trace:
#0 /opt/lampp/htdocs/yii-1.1.14.f0fee9/framework/base/CModule.php(513): CComponent->__set('senha', 'yiisgc')
#1 /opt/lampp/htdocs/yii-1.1.14.f0fee9/framework/base/CModule.php(86): CModule->configure(Array)
#2 /opt/lampp/htdocs/yii-1.1.14.f0fee9/framework/YiiBase.php(206): CModule->__construct('gii', NULL, Array)
#3 /opt/lampp/htdocs/yii-1.1.14.f0fee9/framework/base/CModule.php(282): YiiBase::createComponent('system.gii.GiiM...', 'gii', NULL, Array)
#4 /opt/lampp/htdocs/yii-1.1.14.f0fee9/framework/web/CWebApplication.php(337): CModule->getModule('gii')
#5 /opt/lampp/htdocs/yii-1.1.14.f0fee9/framework/web/CWebApplication.php(276): CWebApplication->createController('gii')
#6 /opt/lampp/htdocs/yii-1.1.14.f0fee9/framework/web/CWebApplication.php(141): CWebApplication->runController('gii')
#7 /opt/lampp/htdocs/yii-1.1.14.f0fee9/framework/base/CApplication.php(169): CWebApplication->processRequest()
#8 /home/diego/projeto_facul/sgc/index.php(14): CApplication->run()
#9 {main}
REQUEST_URI=/sgc/index.php?r=gii
---
2013/11/13 14:53:39 [error] [php] include(SBaseController.php) [<a href='function.include'>function.include</a>]: failed to open stream: Arquivo ou diretório não encontrado (/opt/lampp/htdocs/yii-1.1.14.f0fee9/framework/YiiBase.php:421)
Stack trace:
#0 /home/diego/projeto_facul/sgc/protected/components/Controller.php(7): spl_autoload_call()
#1 /opt/lampp/htdocs/yii-1.1.14.f0fee9/framework/YiiBase.php(421): include()
#2 unknown(0): autoload()
#3 /home/diego/projeto_facul/sgc/protected/controllers/SiteController.php(4): spl_autoload_call()
#4 /opt/lampp/htdocs/yii-1.1.14.f0fee9/framework/web/CWebApplication.php(354): require()
#5 /opt/lampp/htdocs/yii-1.1.14.f0fee9/framework/web/CWebApplication.php(276): CWebApplication->createController()
#6 /opt/lampp/htdocs/yii-1.1.14.f0fee9/framework/web/CWebApplication.php(141): CWebApplication->runController()
#7 /opt/lampp/htdocs/yii-1.1.14.f0fee9/framework/base/CApplication.php(169): CWebApplication->processRequest()
#8 /home/diego/projeto_facul/sgc/index.php(14): CWebApplication->run()
REQUEST_URI=/sgc/index.php/gii
in /home/diego/projeto_facul/sgc/protected/components/Controller.php (7)
in /home/diego/projeto_facul/sgc/protected/controllers/SiteController.php (4)
in /home/diego/projeto_facul/sgc/index.php (14)
2013/11/13 14:58:34 [error] [exception.CException] exception 'CException' with message 'Alias "srbac.components.Helper" é inválido. Tenha certeza de apontar para um diretório ou arquivo existente.' in /opt/lampp/htdocs/yii-1.1.14.f0fee9/framework/YiiBase.php:341
Stack trace:
#0 /home/diego/projeto_facul/sgc/protected/modules/srbac/controllers/SBaseController.php(22): YiiBase::import('srbac.component...')
#1 /opt/lampp/htdocs/yii-1.1.14.f0fee9/framework/YiiBase.php(395): include('/home/diego/pro...')
#2 [internal function]: YiiBase::autoload('SBaseController')
#3 /home/diego/projeto_facul/sgc/protected/components/Controller.php(7): spl_autoload_call('SBaseController')
#4 /opt/lampp/htdocs/yii-1.1.14.f0fee9/framework/YiiBase.php(421): include('/home/diego/pro...')
#5 [internal function]: YiiBase::autoload('Controller')
#6 /home/diego/projeto_facul/sgc/protected/controllers/SiteController.php(4): spl_autoload_call('Controller')
#7 /opt/lampp/htdocs/yii-1.1.14.f0fee9/framework/web/CWebApplication.php(354): require('/home/diego/pro...')
#8 /opt/lampp/htdocs/yii-1.1.14.f0fee9/framework/web/CWebApplication.php(276): CWebApplication->createController('')
#9 /opt/lampp/htdocs/yii-1.1.14.f0fee9/framework/web/CWebApplication.php(141): CWebApplication->runController('')
#10 /opt/lampp/htdocs/yii-1.1.14.f0fee9/framework/base/CApplication.php(169): CWebApplication->processRequest()
#11 /home/diego/projeto_facul/sgc/index.php(14): CApplication->run()
#12 {main}
REQUEST_URI=/sgc/index.php/gii
---
2013/11/13 15:04:54 [error] [exception.CException] exception 'CException' with message 'A propriedade "GiiModule.senha" não está definida.' in /opt/lampp/htdocs/yii-1.1.14.f0fee9/framework/base/CComponent.php:173
Stack trace:
#0 /opt/lampp/htdocs/yii-1.1.14.f0fee9/framework/base/CModule.php(513): CComponent->__set('senha', 'yiisgc')
#1 /opt/lampp/htdocs/yii-1.1.14.f0fee9/framework/base/CModule.php(86): CModule->configure(Array)
#2 /opt/lampp/htdocs/yii-1.1.14.f0fee9/framework/YiiBase.php(206): CModule->__construct('gii', NULL, Array)
#3 /opt/lampp/htdocs/yii-1.1.14.f0fee9/framework/base/CModule.php(282): YiiBase::createComponent('system.gii.GiiM...', 'gii', NULL, Array)
#4 /opt/lampp/htdocs/yii-1.1.14.f0fee9/framework/web/CWebApplication.php(337): CModule->getModule('gii')
#5 /opt/lampp/htdocs/yii-1.1.14.f0fee9/framework/web/CWebApplication.php(276): CWebApplication->createController('gii')
#6 /opt/lampp/htdocs/yii-1.1.14.f0fee9/framework/web/CWebApplication.php(141): CWebApplication->runController('gii')
#7 /opt/lampp/htdocs/yii-1.1.14.f0fee9/framework/base/CApplication.php(169): CWebApplication->processRequest()
#8 /home/diego/projeto_facul/sgc/index.php(14): CApplication->run()
#9 {main}
REQUEST_URI=/sgc/index.php?r=gii
---
2013/11/13 15:11:53 [error] [exception.CException] exception 'CException' with message 'A propriedade "GiiModule.senha" não está definida.' in /opt/lampp/htdocs/yii-1.1.14.f0fee9/framework/base/CComponent.php:173
Stack trace:
#0 /opt/lampp/htdocs/yii-1.1.14.f0fee9/framework/base/CModule.php(513): CComponent->__set('senha', 'yiisgc')
#1 /opt/lampp/htdocs/yii-1.1.14.f0fee9/framework/base/CModule.php(86): CModule->configure(Array)
#2 /opt/lampp/htdocs/yii-1.1.14.f0fee9/framework/YiiBase.php(206): CModule->__construct('gii', NULL, Array)
#3 /opt/lampp/htdocs/yii-1.1.14.f0fee9/framework/base/CModule.php(282): YiiBase::createComponent('system.gii.GiiM...', 'gii', NULL, Array)
#4 /opt/lampp/htdocs/yii-1.1.14.f0fee9/framework/web/CWebApplication.php(337): CModule->getModule('gii')
#5 /opt/lampp/htdocs/yii-1.1.14.f0fee9/framework/web/CWebApplication.php(276): CWebApplication->createController('gii')
#6 /opt/lampp/htdocs/yii-1.1.14.f0fee9/framework/web/CWebApplication.php(141): CWebApplication->runController('gii')
#7 /opt/lampp/htdocs/yii-1.1.14.f0fee9/framework/base/CApplication.php(169): CWebApplication->processRequest()
#8 /home/diego/projeto_facul/sgc/index.php(14): CApplication->run()
#9 {main}
REQUEST_URI=/sgc/index.php?r=gii
---
2013/11/13 16:42:21 [error] [exception.CException] exception 'CException' with message 'A propriedade "SrbacModule.0" não está definida.' in /opt/lampp/htdocs/yii-1.1.14.f0fee9/framework/base/CComponent.php:173
Stack trace:
#0 /opt/lampp/htdocs/yii-1.1.14.f0fee9/framework/base/CModule.php(513): CComponent->__set('0', 'srbac.views.aut...')
#1 /opt/lampp/htdocs/yii-1.1.14.f0fee9/framework/base/CModule.php(86): CModule->configure(Array)
#2 /opt/lampp/htdocs/yii-1.1.14.f0fee9/framework/YiiBase.php(206): CModule->__construct('srbac', NULL, Array)
#3 /opt/lampp/htdocs/yii-1.1.14.f0fee9/framework/base/CModule.php(282): YiiBase::createComponent('srbac.SrbacModu...', 'srbac', NULL, Array)
#4 /home/diego/projeto_facul/sgc/protected/modules/srbac/components/Helper.php(339): CModule->getModule('srbac')
#5 /home/diego/projeto_facul/sgc/protected/modules/srbac/controllers/SBaseController.php(32): Helper::findModule('srbac')
#6 /opt/lampp/htdocs/yii-1.1.14.f0fee9/framework/web/CController.php(306): SBaseController->beforeAction(Object(CInlineAction))
#7 /opt/lampp/htdocs/yii-1.1.14.f0fee9/framework/web/filters/CFilterChain.php(133): CController->runAction(Object(CInlineAction))
#8 /opt/lampp/htdocs/yii-1.1.14.f0fee9/framework/web/filters/CFilter.php(40): CFilterChain->run()
#9 /opt/lampp/htdocs/yii-1.1.14.f0fee9/framework/web/CController.php(1145): CFilter->filter(Object(CFilterChain))
#10 /opt/lampp/htdocs/yii-1.1.14.f0fee9/framework/web/filters/CInlineFilter.php(58): CController->filterAccessControl(Object(CFilterChain))
#11 /opt/lampp/htdocs/yii-1.1.14.f0fee9/framework/web/filters/CFilterChain.php(130): CInlineFilter->filter(Object(CFilterChain))
#12 /opt/lampp/htdocs/yii-1.1.14.f0fee9/framework/web/CController.php(291): CFilterChain->run()
#13 /opt/lampp/htdocs/yii-1.1.14.f0fee9/framework/web/CController.php(265): CController->runActionWithFilters(Object(CInlineAction), Array)
#14 /opt/lampp/htdocs/yii-1.1.14.f0fee9/framework/web/CWebApplication.php(282): CController->run('')
#15 /opt/lampp/htdocs/yii-1.1.14.f0fee9/framework/web/CWebApplication.php(141): CWebApplication->runController('morador')
#16 /opt/lampp/htdocs/yii-1.1.14.f0fee9/framework/base/CApplication.php(169): CWebApplication->processRequest()
#17 /home/diego/projeto_facul/sgc/index.php(14): CApplication->run()
#18 {main}
REQUEST_URI=/sgc/index.php?r=morador
HTTP_REFERER=http://localhost/sgc/index.php?r=gii/crud
---
2013/11/13 16:45:17 [error] [exception.CException] exception 'CException' with message 'A propriedade "LoginForm.username" não está definida.' in /opt/lampp/htdocs/yii-1.1.14.f0fee9/framework/base/CComponent.php:130
Stack trace:
#0 /opt/lampp/htdocs/yii-1.1.14.f0fee9/framework/web/helpers/CHtml.php(2255): CComponent->__get('username')
#1 /opt/lampp/htdocs/yii-1.1.14.f0fee9/framework/web/helpers/CHtml.php(1980): CHtml::resolveValue(Object(LoginForm), 'username')
#2 /opt/lampp/htdocs/yii-1.1.14.f0fee9/framework/web/helpers/CHtml.php(1257): CHtml::activeInputField('text', Object(LoginForm), 'username', Array)
#3 /opt/lampp/htdocs/yii-1.1.14.f0fee9/framework/web/widgets/CActiveForm.php(657): CHtml::activeTextField(Object(LoginForm), 'username', Array)
#4 /home/diego/projeto_facul/sgc/themes/bootstrap/views/site/login.php(28): CActiveForm->textField(Object(LoginForm), 'username')
#5 /opt/lampp/htdocs/yii-1.1.14.f0fee9/framework/web/CBaseController.php(126): require('/home/diego/pro...')
#6 /opt/lampp/htdocs/yii-1.1.14.f0fee9/framework/web/CBaseController.php(95): CBaseController->renderInternal('/home/diego/pro...', Array, true)
#7 /opt/lampp/htdocs/yii-1.1.14.f0fee9/framework/web/CController.php(869): CBaseController->renderFile('/home/diego/pro...', Array, true)
#8 /opt/lampp/htdocs/yii-1.1.14.f0fee9/framework/web/CController.php(782): CController->renderPartial('login', Array, true)
#9 /home/diego/projeto_facul/sgc/protected/controllers/SiteController.php(98): CController->render('login', Array)
#10 /opt/lampp/htdocs/yii-1.1.14.f0fee9/framework/web/actions/CInlineAction.php(49): SiteController->actionLogin()
#11 /opt/lampp/htdocs/yii-1.1.14.f0fee9/framework/web/CController.php(308): CInlineAction->runWithParams(Array)
#12 /opt/lampp/htdocs/yii-1.1.14.f0fee9/framework/web/CController.php(286): CController->runAction(Object(CInlineAction))
#13 /opt/lampp/htdocs/yii-1.1.14.f0fee9/framework/web/CController.php(265): CController->runActionWithFilters(Object(CInlineAction), Array)
#14 /opt/lampp/htdocs/yii-1.1.14.f0fee9/framework/web/CWebApplication.php(282): CController->run('login')
#15 /opt/lampp/htdocs/yii-1.1.14.f0fee9/framework/web/CWebApplication.php(141): CWebApplication->runController('site/login')
#16 /opt/lampp/htdocs/yii-1.1.14.f0fee9/framework/base/CApplication.php(169): CWebApplication->processRequest()
#17 /home/diego/projeto_facul/sgc/index.php(14): CApplication->run()
#18 {main}
REQUEST_URI=/sgc/index.php?r=site/login
HTTP_REFERER=http://localhost/sgc/index.php?r=gii/crud
---
2013/11/13 16:45:24 [error] [exception.CException] exception 'CException' with message 'A propriedade "LoginForm.username" não está definida.' in /opt/lampp/htdocs/yii-1.1.14.f0fee9/framework/base/CComponent.php:130
Stack trace:
#0 /opt/lampp/htdocs/yii-1.1.14.f0fee9/framework/web/helpers/CHtml.php(2255): CComponent->__get('username')
#1 /opt/lampp/htdocs/yii-1.1.14.f0fee9/framework/web/helpers/CHtml.php(1980): CHtml::resolveValue(Object(LoginForm), 'username')
#2 /opt/lampp/htdocs/yii-1.1.14.f0fee9/framework/web/helpers/CHtml.php(1257): CHtml::activeInputField('text', Object(LoginForm), 'username', Array)
#3 /opt/lampp/htdocs/yii-1.1.14.f0fee9/framework/web/widgets/CActiveForm.php(657): CHtml::activeTextField(Object(LoginForm), 'username', Array)
#4 /home/diego/projeto_facul/sgc/themes/bootstrap/views/site/login.php(28): CActiveForm->textField(Object(LoginForm), 'username')
#5 /opt/lampp/htdocs/yii-1.1.14.f0fee9/framework/web/CBaseController.php(126): require('/home/diego/pro...')
#6 /opt/lampp/htdocs/yii-1.1.14.f0fee9/framework/web/CBaseController.php(95): CBaseController->renderInternal('/home/diego/pro...', Array, true)
#7 /opt/lampp/htdocs/yii-1.1.14.f0fee9/framework/web/CController.php(869): CBaseController->renderFile('/home/diego/pro...', Array, true)
#8 /opt/lampp/htdocs/yii-1.1.14.f0fee9/framework/web/CController.php(782): CController->renderPartial('login', Array, true)
#9 /home/diego/projeto_facul/sgc/protected/controllers/SiteController.php(98): CController->render('login', Array)
#10 /opt/lampp/htdocs/yii-1.1.14.f0fee9/framework/web/actions/CInlineAction.php(49): SiteController->actionLogin()
#11 /opt/lampp/htdocs/yii-1.1.14.f0fee9/framework/web/CController.php(308): CInlineAction->runWithParams(Array)
#12 /opt/lampp/htdocs/yii-1.1.14.f0fee9/framework/web/CController.php(286): CController->runAction(Object(CInlineAction))
#13 /opt/lampp/htdocs/yii-1.1.14.f0fee9/framework/web/CController.php(265): CController->runActionWithFilters(Object(CInlineAction), Array)
#14 /opt/lampp/htdocs/yii-1.1.14.f0fee9/framework/web/CWebApplication.php(282): CController->run('login')
#15 /opt/lampp/htdocs/yii-1.1.14.f0fee9/framework/web/CWebApplication.php(141): CWebApplication->runController('site/login')
#16 /opt/lampp/htdocs/yii-1.1.14.f0fee9/framework/base/CApplication.php(169): CWebApplication->processRequest()
#17 /home/diego/projeto_facul/sgc/index.php(14): CApplication->run()
#18 {main}
REQUEST_URI=/sgc/index.php?r=site/login
HTTP_REFERER=http://localhost/sgc/index.php?r=gii/crud
---
2013/11/13 17:00:17 [error] [exception.CException] exception 'CException' with message 'A propriedade "UserIdentity.nome_usuario" não está definida.' in /opt/lampp/htdocs/yii-1.1.14.f0fee9/framework/base/CComponent.php:130
Stack trace:
#0 /home/diego/projeto_facul/sgc/protected/components/UserIdentity.php(17): CComponent->__get('nome_usuario')
#1 /home/diego/projeto_facul/sgc/protected/models/LoginForm.php(52): UserIdentity->authenticate()
#2 /opt/lampp/htdocs/yii-1.1.14.f0fee9/framework/validators/CInlineValidator.php(42): LoginForm->authenticate('password', Array)
#3 /opt/lampp/htdocs/yii-1.1.14.f0fee9/framework/validators/CValidator.php(213): CInlineValidator->validateAttribute(Object(LoginForm), 'password')
#4 /opt/lampp/htdocs/yii-1.1.14.f0fee9/framework/base/CModel.php(159): CValidator->validate(Object(LoginForm), NULL)
#5 /home/diego/projeto_facul/sgc/protected/controllers/SiteController.php(94): CModel->validate()
#6 /opt/lampp/htdocs/yii-1.1.14.f0fee9/framework/web/actions/CInlineAction.php(49): SiteController->actionLogin()
#7 /opt/lampp/htdocs/yii-1.1.14.f0fee9/framework/web/CController.php(308): CInlineAction->runWithParams(Array)
#8 /opt/lampp/htdocs/yii-1.1.14.f0fee9/framework/web/CController.php(286): CController->runAction(Object(CInlineAction))
#9 /opt/lampp/htdocs/yii-1.1.14.f0fee9/framework/web/CController.php(265): CController->runActionWithFilters(Object(CInlineAction), Array)
#10 /opt/lampp/htdocs/yii-1.1.14.f0fee9/framework/web/CWebApplication.php(282): CController->run('login')
#11 /opt/lampp/htdocs/yii-1.1.14.f0fee9/framework/web/CWebApplication.php(141): CWebApplication->runController('site/login')
#12 /opt/lampp/htdocs/yii-1.1.14.f0fee9/framework/base/CApplication.php(169): CWebApplication->processRequest()
#13 /home/diego/projeto_facul/sgc/index.php(14): CApplication->run()
#14 {main}
REQUEST_URI=/sgc/index.php?r=site/login
HTTP_REFERER=http://localhost/sgc/index.php?r=site/login
---
2013/11/13 17:01:23 [error] [exception.CDbException] exception 'CDbException' with message 'A tabela "Usuario" não possui uma coluna chamada "username".' in /opt/lampp/htdocs/yii-1.1.14.f0fee9/framework/db/schema/CDbCommandBuilder.php:591
Stack trace:
#0 /opt/lampp/htdocs/yii-1.1.14.f0fee9/framework/db/ar/CActiveRecord.php(1464): CDbCommandBuilder->createColumnCriteria(Object(CMysqlTableSchema), Array, '', Array, '`t`.')
#1 /home/diego/projeto_facul/sgc/protected/components/UserIdentity.php(18): CActiveRecord->findByAttributes(Array)
#2 /home/diego/projeto_facul/sgc/protected/models/LoginForm.php(52): UserIdentity->authenticate()
#3 /opt/lampp/htdocs/yii-1.1.14.f0fee9/framework/validators/CInlineValidator.php(42): LoginForm->authenticate('password', Array)
#4 /opt/lampp/htdocs/yii-1.1.14.f0fee9/framework/validators/CValidator.php(213): CInlineValidator->validateAttribute(Object(LoginForm), 'password')
#5 /opt/lampp/htdocs/yii-1.1.14.f0fee9/framework/base/CModel.php(159): CValidator->validate(Object(LoginForm), NULL)
#6 /home/diego/projeto_facul/sgc/protected/controllers/SiteController.php(94): CModel->validate()
#7 /opt/lampp/htdocs/yii-1.1.14.f0fee9/framework/web/actions/CInlineAction.php(49): SiteController->actionLogin()
#8 /opt/lampp/htdocs/yii-1.1.14.f0fee9/framework/web/CController.php(308): CInlineAction->runWithParams(Array)
#9 /opt/lampp/htdocs/yii-1.1.14.f0fee9/framework/web/CController.php(286): CController->runAction(Object(CInlineAction))
#10 /opt/lampp/htdocs/yii-1.1.14.f0fee9/framework/web/CController.php(265): CController->runActionWithFilters(Object(CInlineAction), Array)
#11 /opt/lampp/htdocs/yii-1.1.14.f0fee9/framework/web/CWebApplication.php(282): CController->run('login')
#12 /opt/lampp/htdocs/yii-1.1.14.f0fee9/framework/web/CWebApplication.php(141): CWebApplication->runController('site/login')
#13 /opt/lampp/htdocs/yii-1.1.14.f0fee9/framework/base/CApplication.php(169): CWebApplication->processRequest()
#14 /home/diego/projeto_facul/sgc/index.php(14): CApplication->run()
#15 {main}
REQUEST_URI=/sgc/index.php?r=site/login
HTTP_REFERER=http://localhost/sgc/index.php?r=site/login
---
2013/11/13 17:01:44 [error] [exception.CException] exception 'CException' with message 'A propriedade "UserIdentity.nome_usuario" não está definida.' in /opt/lampp/htdocs/yii-1.1.14.f0fee9/framework/base/CComponent.php:130
Stack trace:
#0 /home/diego/projeto_facul/sgc/protected/components/UserIdentity.php(17): CComponent->__get('nome_usuario')
#1 /home/diego/projeto_facul/sgc/protected/models/LoginForm.php(52): UserIdentity->authenticate()
#2 /opt/lampp/htdocs/yii-1.1.14.f0fee9/framework/validators/CInlineValidator.php(42): LoginForm->authenticate('password', Array)
#3 /opt/lampp/htdocs/yii-1.1.14.f0fee9/framework/validators/CValidator.php(213): CInlineValidator->validateAttribute(Object(LoginForm), 'password')
#4 /opt/lampp/htdocs/yii-1.1.14.f0fee9/framework/base/CModel.php(159): CValidator->validate(Object(LoginForm), NULL)
#5 /home/diego/projeto_facul/sgc/protected/controllers/SiteController.php(94): CModel->validate()
#6 /opt/lampp/htdocs/yii-1.1.14.f0fee9/framework/web/actions/CInlineAction.php(49): SiteController->actionLogin()
#7 /opt/lampp/htdocs/yii-1.1.14.f0fee9/framework/web/CController.php(308): CInlineAction->runWithParams(Array)
#8 /opt/lampp/htdocs/yii-1.1.14.f0fee9/framework/web/CController.php(286): CController->runAction(Object(CInlineAction))
#9 /opt/lampp/htdocs/yii-1.1.14.f0fee9/framework/web/CController.php(265): CController->runActionWithFilters(Object(CInlineAction), Array)
#10 /opt/lampp/htdocs/yii-1.1.14.f0fee9/framework/web/CWebApplication.php(282): CController->run('login')
#11 /opt/lampp/htdocs/yii-1.1.14.f0fee9/framework/web/CWebApplication.php(141): CWebApplication->runController('site/login')
#12 /opt/lampp/htdocs/yii-1.1.14.f0fee9/framework/base/CApplication.php(169): CWebApplication->processRequest()
#13 /home/diego/projeto_facul/sgc/index.php(14): CApplication->run()
#14 {main}
REQUEST_URI=/sgc/index.php?r=site/login
HTTP_REFERER=http://localhost/sgc/index.php?r=site/login
---
2013/11/13 17:04:21 [error] [exception.CException] exception 'CException' with message 'A propriedade "ContactForm.name" não está definida.' in /opt/lampp/htdocs/yii-1.1.14.f0fee9/framework/base/CComponent.php:130
Stack trace:
#0 /opt/lampp/htdocs/yii-1.1.14.f0fee9/framework/web/helpers/CHtml.php(2255): CComponent->__get('name')
#1 /opt/lampp/htdocs/yii-1.1.14.f0fee9/framework/web/helpers/CHtml.php(1980): CHtml::resolveValue(Object(ContactForm), 'name')
#2 /opt/lampp/htdocs/yii-1.1.14.f0fee9/framework/web/helpers/CHtml.php(1257): CHtml::activeInputField('text', Object(ContactForm), 'name', Array)
#3 /opt/lampp/htdocs/yii-1.1.14.f0fee9/framework/web/widgets/CActiveForm.php(657): CHtml::activeTextField(Object(ContactForm), 'name', Array)
#4 /home/diego/projeto_facul/sgc/themes/bootstrap/views/site/contact.php(41): CActiveForm->textField(Object(ContactForm), 'name')
#5 /opt/lampp/htdocs/yii-1.1.14.f0fee9/framework/web/CBaseController.php(126): require('/home/diego/pro...')
#6 /opt/lampp/htdocs/yii-1.1.14.f0fee9/framework/web/CBaseController.php(95): CBaseController->renderInternal('/home/diego/pro...', Array, true)
#7 /opt/lampp/htdocs/yii-1.1.14.f0fee9/framework/web/CController.php(869): CBaseController->renderFile('/home/diego/pro...', Array, true)
#8 /opt/lampp/htdocs/yii-1.1.14.f0fee9/framework/web/CController.php(782): CController->renderPartial('contact', Array, true)
#9 /home/diego/projeto_facul/sgc/protected/controllers/SiteController.php(72): CController->render('contact', Array)
#10 /opt/lampp/htdocs/yii-1.1.14.f0fee9/framework/web/actions/CInlineAction.php(49): SiteController->actionContact()
#11 /opt/lampp/htdocs/yii-1.1.14.f0fee9/framework/web/CController.php(308): CInlineAction->runWithParams(Array)
#12 /opt/lampp/htdocs/yii-1.1.14.f0fee9/framework/web/CController.php(286): CController->runAction(Object(CInlineAction))
#13 /opt/lampp/htdocs/yii-1.1.14.f0fee9/framework/web/CController.php(265): CController->runActionWithFilters(Object(CInlineAction), Array)
#14 /opt/lampp/htdocs/yii-1.1.14.f0fee9/framework/web/CWebApplication.php(282): CController->run('contact')
#15 /opt/lampp/htdocs/yii-1.1.14.f0fee9/framework/web/CWebApplication.php(141): CWebApplication->runController('site/contact')
#16 /opt/lampp/htdocs/yii-1.1.14.f0fee9/framework/base/CApplication.php(169): CWebApplication->processRequest()
#17 /home/diego/projeto_facul/sgc/index.php(14): CApplication->run()
#18 {main}
REQUEST_URI=/sgc/index.php?r=site/contact
HTTP_REFERER=http://localhost/sgc/index.php?r=site/page&view=about
---
